0 info it worked if it ends with ok
1 verbose cli [ 'node', '/usr/local/bin/npm', 'version', 'patch' ]
2 info using npm@1.4.3
3 info using node@v0.10.26
4 error Error: Git working directory not clean.
4 error M Gruntfile.coffee
4 error M README.md
4 error D amd/Application.js.map
4 error D amd/behaviors/Modifiers.js.map
4 error D amd/behaviors/index.js.map
4 error M amd/client.js
4 error D amd/client.js.map
4 error D amd/components/alert/Alert.js.map
4 error D amd/components/button/Button.js.map
4 error D amd/components/index.js.map
4 error D amd/components/loading/LoadingController.js.map
4 error D amd/components/notice/NoticeView.js.map
4 error D amd/components/spinner/SpinnerView.js.map
4 error D amd/config/backbone/sync.js.map
4 error D amd/config/client.js.map
4 error D amd/config/marionette/LayoutView.js.map
4 error D amd/config/marionette/Region.js.map
4 error D amd/config/marionette/View.js.map
4 error D amd/controllers/Api.js.map
4 error D amd/controllers/App.js.map
4 error M amd/controllers/Base.js
4 error D amd/controllers/Base.js.map
4 error D amd/controllers/Component.js.map
4 error D amd/controllers/Static.js.map
4 error D amd/entities/Base.js.map
4 error D amd/handlebars/components.js.map
4 error D amd/handlebars/i18next.js.map
4 error D amd/handlebars/index.js.map
4 error D amd/modernizr/old.js.map
4 error M amd/routers/App.js
4 error D amd/routers/App.js.map
4 error D amd/stickit/index.js.map
4 error D amd/stickit/mdown.js.map
4 error D amd/utilities/navigation.js.map
4 error M amd/utilities/registry.js
4 error D amd/utilities/registry.js.map
4 error D amd/utilities/whenFetched.js.map
4 error D amd/views/ItemView.js.map
4 error D amd/views/Layout.js.map
4 error D amd/views/List.js.map
4 error D amd/views/View.js.map
4 error M grunt/copy.coffee
4 error M package.json
4 error M src/client.coffee
4 error M src/client.js
4 error M src/client.js.map
4 error M src/controllers/Base.coffee
4 error M src/controllers/Base.js
4 error M src/controllers/Base.js.map
4 error AM src/controllers/RouterController.coffee
4 error M src/routers/App.coffee
4 error M src/routers/App.js
4 error M src/routers/App.js.map
4 error M src/utilities/registry.coffee
4 error M src/utilities/registry.js
4 error M src/utilities/registry.js.map
4 error AM test-client/controllers/RouterController-spec.js
4 error AM test-client/routers/App-spec.js
4 error     at /usr/local/lib/node_modules/npm/lib/version.js:98:35
4 error     at ChildProcess.exithandler (child_process.js:635:7)
4 error     at ChildProcess.EventEmitter.emit (events.js:98:17)
4 error     at maybeClose (child_process.js:743:16)
4 error     at Socket.<anonymous> (child_process.js:956:11)
4 error     at Socket.EventEmitter.emit (events.js:95:17)
4 error     at Pipe.close (net.js:465:12)
5 error If you need help, you may report this *entire* log,
5 error including the npm and node versions, at:
5 error     <http://github.com/npm/npm/issues>
6 error System Darwin 14.0.0
7 error command "node" "/usr/local/bin/npm" "version" "patch"
8 error cwd /Users/davetayls/projects/davetayls/marionette_lib
9 error node -v v0.10.26
10 error npm -v 1.4.3
11 verbose exit [ 1, true ]
